[35m[Appium][39m Welcome to Appium v1.22.3
[35m[Appium][39m Non-default server args:
[35m[Appium][39m   port: 64478
[35m[Appium][39m   loglevel: info
[35m[Appium][39m   tmpDir: C:\Users\User\AppData\Local\Temp\\Katalon\Appium\Temp1667637474963
[35m[Appium][39m   chromedriverPort: 64479
[35m[Appium][39m Deprecated server args:
[35m[Appium][39m   [31m--chromedriver-port[39m => --default-capabilities
[35m[Appium][39m Default capabilities, which will be added to each request unless overridden by desired capabilities:
[35m[Appium][39m   chromedriverPort: 64479
[35m[Appium][39m Appium REST http interface listener started on 0.0.0.0:64478
[35m[HTTP][39m [37m-->[39m [37mGET[39m [37m/wd/hub/status[39m
[35m[HTTP][39m [90m{}[39m
[35m[HTTP][39m [37m<-- GET /wd/hub/status [39m[32m200[39m [90m9 ms - 68[39m
[35m[HTTP][39m [90m[39m
[35m[HTTP][39m [37m-->[39m [37mGET[39m [37m/wd/hub/status[39m
[35m[HTTP][39m [90m{}[39m
[35m[HTTP][39m [37m<-- GET /wd/hub/status [39m[32m200[39m [90m2 ms - 68[39m
[35m[HTTP][39m [90m[39m
[35m[HTTP][39m [37m-->[39m [37mPOST[39m [37m/wd/hub/session[39m
[35m[HTTP][39m [90m{"desiredCapabilities":{"app":"E:\\BINAR\\app-release.apk","noReset":true,"deviceName":"Xiaomi M2004J19C (Android 10)","fullReset":false,"platform":"ANDROID","newCommandTimeout":1800,"platformVersion":"10","automationName":"uiautomator2","autoGrantPermissions":true,"platformName":"Android","udid":"9b7cca110404","systemPort":64490},"capabilities":{"firstMatch":[{"appium:app":"E:\\BINAR\\app-release.apk","appium:autoGrantPermissions":true,"appium:automationName":"uiautomator2","appium:deviceName":"Xiaomi M2004J19C (Android 10)","appium:fullReset":false,"appium:newCommandTimeout":1800,"appium:noReset":true,"platform":"ANDROID","platformName":"android","appium:platformVersion":"10","appium:systemPort":64490,"appium:udid":"9b7cca110404"}]}}[39m
[35m[BaseDriver][39m The following capabilities are not standard capabilities and should have an extension prefix:
[35m[BaseDriver][39m   platform
[35m[BaseDriver][39m   chromedriverPort
[35m[Appium][39m Appium v1.22.3 creating new AndroidUiautomator2Driver (v1.70.1) session
[35m[BaseDriver][39m The following capabilities were provided, but are not recognized by Appium:
[35m[BaseDriver][39m   platform
[35m[BaseDriver][39m Session created with session id: 7fb58434-a77d-49aa-808d-8510465cbeee
[35m[BaseDriver][39m Using local app 'E:\BINAR\app-release.apk'
[35m[ADB][39m Found 1 'build-tools' folders under 'C:\Users\User\.katalon\tools\android_sdk' (newest first):
[35m[ADB][39m     C:/Users/User/.katalon/tools/android_sdk/build-tools/29.0.3
[35m[ADB][39m Using 'adb.exe' from 'C:\Users\User\.katalon\tools\android_sdk\platform-tools\adb.exe'
[35m[AndroidDriver][39m Retrieving device list
[35m[AndroidDriver][39m Using device: 9b7cca110404
[35m[ADB][39m Using 'adb.exe' from 'C:\Users\User\.katalon\tools\android_sdk\platform-tools\adb.exe'
[35m[ADB][39m Getting device platform version
[35m[UiAutomator2][39m Relaxing hidden api policy
[35m[ADB][39m Package name: 'id.binar.fp.secondhand'
[35m[ADB][39m Main activity name: 'id.binar.fp.secondhand.ui.main.MainActivity'
[35m[ADB][39m Using 'apksigner.jar' from 'C:\Users\User\.katalon\tools\android_sdk\build-tools\29.0.3\lib\apksigner.jar'
[35m[ADB][39m 'C:\Users\User\AppData\Roaming\npm\node_modules\appium\node_modules\appium-uiautomator2-server\apks\appium-uiautomator2-server-v4.27.0.apk' is signed with the default certificate
[35m[ADB][39m 'C:\Users\User\AppData\Roaming\npm\node_modules\appium\node_modules\appium-uiautomator2-server\apks\appium-uiautomator2-server-debug-androidTest.apk' is signed with the default certificate
[35m[UiAutomator2][39m Server packages are not going to be (re)installed
[35m[ADB][39m Adding packages ["io.appium.settings","io.appium.uiautomator2.server","io.appium.uiautomator2.server.test"] to Doze whitelist
[35m[ADB][39m 'E:\BINAR\app-release.apk' is signed with a non-default certificate
[35m[UiAutomator2][39m Starting UIAutomator2 server 4.27.0
[35m[UiAutomator2][39m Using UIAutomator2 server from 'C:\Users\User\AppData\Roaming\npm\node_modules\appium\node_modules\appium-uiautomator2-server\apks\appium-uiautomator2-server-v4.27.0.apk' and test from 'C:\Users\User\AppData\Roaming\npm\node_modules\appium\node_modules\appium-uiautomator2-server\apks\appium-uiautomator2-server-debug-androidTest.apk'
[35m[UiAutomator2][39m Waiting up to 30000ms for UiAutomator2 to be online...
[35m[WD Proxy][39m socket hang up
[35m[WD Proxy][39m socket hang up
[35m[WD Proxy][39m socket hang up
[35m[WD Proxy][39m Determined the downstream protocol as 'W3C'
[35m[AndroidDriver][39m Screen already unlocked, doing nothing
[35m[UiAutomator2][39m Starting 'id.binar.fp.secondhand/id.binar.fp.secondhand.ui.main.MainActivity and waiting for 'id.binar.fp.secondhand/id.binar.fp.secondhand.ui.main.MainActivity'
[35m[Appium][39m New AndroidUiautomator2Driver session created successfully, session 7fb58434-a77d-49aa-808d-8510465cbeee added to master session list
[35m[HTTP][39m [37m<-- POST /wd/hub/session [39m[32m200[39m [90m9574 ms - 1213[39m
[35m[HTTP][39m [90m[39m
[35m[HTTP][39m [37m-->[39m [37mGET[39m [37m/wd/hub/session/7fb58434-a77d-49aa-808d-8510465cbeee[39m
[35m[HTTP][39m [90m{}[39m
[35m[HTTP][39m [37m<-- GET /wd/hub/session/7fb58434-a77d-49aa-808d-8510465cbeee [39m[32m200[39m [90m15 ms - 1167[39m
[35m[HTTP][39m [90m[39m
[35m[HTTP][39m [37m-->[39m [37mGET[39m [37m/wd/hub/session/7fb58434-a77d-49aa-808d-8510465cbeee[39m
[35m[HTTP][39m [90m{}[39m
[35m[HTTP][39m [37m<-- GET /wd/hub/session/7fb58434-a77d-49aa-808d-8510465cbeee [39m[32m200[39m [90m10 ms - 1167[39m
[35m[HTTP][39m [90m[39m
[35m[HTTP][39m [37m-->[39m [37mGET[39m [37m/wd/hub/status[39m
[35m[HTTP][39m [90m{}[39m
[35m[HTTP][39m [37m<-- GET /wd/hub/status [39m[32m200[39m [90m1 ms - 68[39m
[35m[HTTP][39m [90m[39m
[35m[HTTP][39m [37m-->[39m [37mPOST[39m [37m/wd/hub/session/7fb58434-a77d-49aa-808d-8510465cbeee/timeouts[39m
[35m[HTTP][39m [90m{"implicit":60000}[39m
[35m[HTTP][39m [37m<-- POST /wd/hub/session/7fb58434-a77d-49aa-808d-8510465cbeee/timeouts [39m[32m200[39m [90m3 ms - 14[39m
[35m[HTTP][39m [90m[39m
[35m[HTTP][39m [37m-->[39m [37mGET[39m [37m/wd/hub/session/7fb58434-a77d-49aa-808d-8510465cbeee/source[39m
[35m[HTTP][39m [90m{}[39m
[35m[W3C (7fb58434)][39m Driver proxy active, passing request on via HTTP proxy
[35m[WD Proxy][39m Replacing sessionId 194c2d88-08d1-45fa-b603-3a56c307e046 with 7fb58434-a77d-49aa-808d-8510465cbeee
[35m[HTTP][39m [37m<-- GET /wd/hub/session/7fb58434-a77d-49aa-808d-8510465cbeee/source [39m[32m200[39m [90m1133 ms - 42999[39m
[35m[HTTP][39m [90m[39m
[35m[HTTP][39m [37m-->[39m [37mGET[39m [37m/wd/hub/session/7fb58434-a77d-49aa-808d-8510465cbeee/screenshot[39m
[35m[HTTP][39m [90m{}[39m
[35m[HTTP][39m [37m<-- GET /wd/hub/session/7fb58434-a77d-49aa-808d-8510465cbeee/screenshot [39m[32m200[39m [90m667 ms - 194664[39m
[35m[HTTP][39m [90m[39m
[35m[HTTP][39m [37m-->[39m [37mPOST[39m [37m/wd/hub/session/7fb58434-a77d-49aa-808d-8510465cbeee/elements[39m
[35m[HTTP][39m [90m{"using":"xpath","value":"//*[@class = 'android.widget.ImageView' and @resource-id = 'id.binar.fp.secondhand:id/navigation_bar_item_icon_view' and (@text = '' or . = '')]"}[39m
[35m[HTTP][39m [37m<-- POST /wd/hub/session/7fb58434-a77d-49aa-808d-8510465cbeee/elements [39m[32m200[39m [90m640 ms - 651[39m
[35m[HTTP][39m [90m[39m
[35m[HTTP][39m [37m-->[39m [37mPOST[39m [37m/wd/hub/session/7fb58434-a77d-49aa-808d-8510465cbeee/elements[39m
[35m[HTTP][39m [90m{"using":"id","value":"id.binar.fp.secondhand:id/navigation_bar_item_icon_view"}[39m
[35m[HTTP][39m [37m<-- POST /wd/hub/session/7fb58434-a77d-49aa-808d-8510465cbeee/elements [39m[32m200[39m [90m311 ms - 651[39m
[35m[HTTP][39m [90m[39m
[35m[HTTP][39m [37m-->[39m [37mPOST[39m [37m/wd/hub/session/7fb58434-a77d-49aa-808d-8510465cbeee/elements[39m
[35m[HTTP][39m [90m{"using":"-android uiautomator","value":"new UiSelector().className(\"android.widget.ImageView\").resourceId(\"id.binar.fp.secondhand:id/navigation_bar_item_icon_view\")"}[39m
[35m[HTTP][39m [37m<-- POST /wd/hub/session/7fb58434-a77d-49aa-808d-8510465cbeee/elements [39m[32m200[39m [90m188 ms - 651[39m
[35m[HTTP][39m [90m[39m
[35m[HTTP][39m [37m-->[39m [37mGET[39m [37m/wd/hub/session/7fb58434-a77d-49aa-808d-8510465cbeee/window/rect[39m
[35m[HTTP][39m [90m{}[39m
[35m[HTTP][39m [37m<-- GET /wd/hub/session/7fb58434-a77d-49aa-808d-8510465cbeee/window/rect [39m[32m200[39m [90m21 ms - 50[39m
[35m[HTTP][39m [90m[39m
[35m[HTTP][39m [37m-->[39m [37mPOST[39m [37m/wd/hub/session/7fb58434-a77d-49aa-808d-8510465cbeee/elements[39m
[35m[HTTP][39m [90m{"using":"xpath","value":"//hierarchy/android.widget.FrameLayout[1]/android.widget.LinearLayout[1]/android.widget.FrameLayout[1]/android.widget.LinearLayout[1]/android.widget.FrameLayout[1]/android.view.ViewGroup[1]/android.view.ViewGroup[1]/android.widget.FrameLayout[1]/android.view.ViewGroup[1]/android.widget.FrameLayout[5]/android.widget.FrameLayout[1]/android.widget.ImageView[1]"}[39m
[35m[HTTP][39m [37m<-- POST /wd/hub/session/7fb58434-a77d-49aa-808d-8510465cbeee/elements [39m[32m200[39m [90m154 ms - 139[39m
[35m[HTTP][39m [90m[39m
[35m[HTTP][39m [37m-->[39m [37mGET[39m [37m/wd/hub/session/7fb58434-a77d-49aa-808d-8510465cbeee/element/00000000-0000-0879-ffff-ffff00000209/location[39m
[35m[HTTP][39m [90m{}[39m
[35m[W3C (7fb58434)][39m Driver proxy active, passing request on via HTTP proxy
[35m[WD Proxy][39m Replacing sessionId 194c2d88-08d1-45fa-b603-3a56c307e046 with 7fb58434-a77d-49aa-808d-8510465cbeee
[35m[HTTP][39m [37m<-- GET /wd/hub/session/7fb58434-a77d-49aa-808d-8510465cbeee/element/00000000-0000-0879-ffff-ffff00000209/location [39m[32m200[39m [90m22 ms - 79[39m
[35m[HTTP][39m [90m[39m
[35m[HTTP][39m [37m-->[39m [37mPOST[39m [37m/wd/hub/session/7fb58434-a77d-49aa-808d-8510465cbeee/touch/perform[39m
[35m[HTTP][39m [90m{"actions":[{"action":"tap","options":{"x":1,"y":1,"element":"00000000-0000-0879-ffff-ffff00000209"}}]}[39m
[35m[UiAutomator2][39m calling get location: 00000000-0000-0879-ffff-ffff00000209
[35m[HTTP][39m [37m<-- POST /wd/hub/session/7fb58434-a77d-49aa-808d-8510465cbeee/touch/perform [39m[32m200[39m [90m187 ms - 14[39m
[35m[HTTP][39m [90m[39m
[35m[HTTP][39m [37m-->[39m [37mGET[39m [37m/wd/hub/session/7fb58434-a77d-49aa-808d-8510465cbeee/source[39m
[35m[HTTP][39m [90m{}[39m
[35m[W3C (7fb58434)][39m Driver proxy active, passing request on via HTTP proxy
[35m[WD Proxy][39m Replacing sessionId 194c2d88-08d1-45fa-b603-3a56c307e046 with 7fb58434-a77d-49aa-808d-8510465cbeee
[35m[HTTP][39m [37m<-- GET /wd/hub/session/7fb58434-a77d-49aa-808d-8510465cbeee/source [39m[32m200[39m [90m416 ms - 27132[39m
[35m[HTTP][39m [90m[39m
[35m[HTTP][39m [37m-->[39m [37mGET[39m [37m/wd/hub/session/7fb58434-a77d-49aa-808d-8510465cbeee/screenshot[39m
[35m[HTTP][39m [90m{}[39m
[35m[HTTP][39m [37m<-- GET /wd/hub/session/7fb58434-a77d-49aa-808d-8510465cbeee/screenshot [39m[32m200[39m [90m571 ms - 266088[39m
[35m[HTTP][39m [90m[39m
[35m[HTTP][39m [37m-->[39m [37mPOST[39m [37m/wd/hub/session/7fb58434-a77d-49aa-808d-8510465cbeee/elements[39m
[35m[HTTP][39m [90m{"using":"xpath","value":"//*[@class = 'android.widget.TextView' and (@text = 'Keluar' or . = 'Keluar') and @resource-id = 'id.binar.fp.secondhand:id/tv_logout']"}[39m
[35m[HTTP][39m [37m<-- POST /wd/hub/session/7fb58434-a77d-49aa-808d-8510465cbeee/elements [39m[32m200[39m [90m252 ms - 139[39m
[35m[HTTP][39m [90m[39m
[35m[HTTP][39m [37m-->[39m [37mGET[39m [37m/wd/hub/session/7fb58434-a77d-49aa-808d-8510465cbeee/window/rect[39m
[35m[HTTP][39m [90m{}[39m
[35m[HTTP][39m [37m<-- GET /wd/hub/session/7fb58434-a77d-49aa-808d-8510465cbeee/window/rect [39m[32m200[39m [90m18 ms - 50[39m
[35m[HTTP][39m [90m[39m
[35m[HTTP][39m [37m-->[39m [37mPOST[39m [37m/wd/hub/session/7fb58434-a77d-49aa-808d-8510465cbeee/elements[39m
[35m[HTTP][39m [90m{"using":"xpath","value":"//*[@class = 'android.widget.TextView' and (@text = 'Keluar' or . = 'Keluar') and @resource-id = 'id.binar.fp.secondhand:id/tv_logout']"}[39m
[35m[HTTP][39m [37m<-- POST /wd/hub/session/7fb58434-a77d-49aa-808d-8510465cbeee/elements [39m[32m200[39m [90m236 ms - 139[39m
[35m[HTTP][39m [90m[39m
[35m[HTTP][39m [37m-->[39m [37mGET[39m [37m/wd/hub/session/7fb58434-a77d-49aa-808d-8510465cbeee/element/00000000-0000-0879-ffff-ffff000001e3/location[39m
[35m[HTTP][39m [90m{}[39m
[35m[W3C (7fb58434)][39m Driver proxy active, passing request on via HTTP proxy
[35m[WD Proxy][39m Replacing sessionId 194c2d88-08d1-45fa-b603-3a56c307e046 with 7fb58434-a77d-49aa-808d-8510465cbeee
[35m[HTTP][39m [37m<-- GET /wd/hub/session/7fb58434-a77d-49aa-808d-8510465cbeee/element/00000000-0000-0879-ffff-ffff000001e3/location [39m[32m200[39m [90m23 ms - 78[39m
[35m[HTTP][39m [90m[39m
[35m[HTTP][39m [37m-->[39m [37mPOST[39m [37m/wd/hub/session/7fb58434-a77d-49aa-808d-8510465cbeee/touch/perform[39m
[35m[HTTP][39m [90m{"actions":[{"action":"tap","options":{"x":1,"y":1,"element":"00000000-0000-0879-ffff-ffff000001e3"}}]}[39m
[35m[UiAutomator2][39m calling get location: 00000000-0000-0879-ffff-ffff000001e3
[35m[HTTP][39m [37m<-- POST /wd/hub/session/7fb58434-a77d-49aa-808d-8510465cbeee/touch/perform [39m[32m200[39m [90m198 ms - 14[39m
[35m[HTTP][39m [90m[39m
[35m[HTTP][39m [37m-->[39m [37mGET[39m [37m/wd/hub/session/7fb58434-a77d-49aa-808d-8510465cbeee/source[39m
[35m[HTTP][39m [90m{}[39m
[35m[W3C (7fb58434)][39m Driver proxy active, passing request on via HTTP proxy
[35m[WD Proxy][39m Replacing sessionId 194c2d88-08d1-45fa-b603-3a56c307e046 with 7fb58434-a77d-49aa-808d-8510465cbeee
[35m[HTTP][39m [37m<-- GET /wd/hub/session/7fb58434-a77d-49aa-808d-8510465cbeee/source [39m[32m200[39m [90m1262 ms - 41704[39m
[35m[HTTP][39m [90m[39m
[35m[HTTP][39m [37m-->[39m [37mGET[39m [37m/wd/hub/session/7fb58434-a77d-49aa-808d-8510465cbeee/screenshot[39m
[35m[HTTP][39m [90m{}[39m
[35m[HTTP][39m [37m<-- GET /wd/hub/session/7fb58434-a77d-49aa-808d-8510465cbeee/screenshot [39m[32m200[39m [90m560 ms - 204460[39m
[35m[HTTP][39m [90m[39m
[35m[HTTP][39m [37m-->[39m [37mDELETE[39m [37m/wd/hub/session/7fb58434-a77d-49aa-808d-8510465cbeee[39m
[35m[HTTP][39m [90m{}[39m
[35m[Appium][39m Removing session 7fb58434-a77d-49aa-808d-8510465cbeee from our master session list
[35m[UiAutomator2][39m Restoring hidden api policy to the device default configuration
